<?xml version="1.0" encoding="UTF-8"?>
<!-- Generated by org.testng.reporters.JUnitReportReporter -->
<testsuite hostname="Sf-PC" name="testcases.TC01" tests="1" failures="0" timestamp="14 Sep 2019 08:20:05 GMT" time="32.871" errors="0">
  <testcase name="f" time="32.871" classname="testcases.TC01"/>
</testsuite> <!-- testcases.TC01 -->
